<?xml version="1.0" encoding="UTF-8"?>
<!-- Generated by org.testng.reporters.JUnitReportReporter -->
<testsuite hostname="DESKTOP-6894EN5" failures="0" tests="1" name="rest_assured.class2" time="9.713" errors="0" timestamp="2022-11-15T13:53:45 IST" skipped="0">
  <testcase classname="rest_assured.class2" name="tc1" time="9.713"/>
  <system-out/>
</testsuite> <!-- rest_assured.class2 -->
