<?xml version="1.0" encoding="UTF-8"?>
<!-- Generated by org.testng.reporters.JUnitReportReporter -->
<testsuite hostname="DESKTOP-6894EN5" failures="0" tests="1" name="rest_assured.bjhgjhg" time="10.288" errors="0" timestamp="2023-05-02T15:05:35 IST" skipped="0">
  <testcase classname="rest_assured.bjhgjhg" name="createBoard" time="10.288"/>
  <system-out/>
</testsuite> <!-- rest_assured.bjhgjhg -->
